/*C3*/SET SCHEMA PUBLIC
drop table reservation if exists
drop table seats if exists
drop sequence hibernate_sequence if exists
create sequence hibernate_sequence start with 1 increment by 1
create table reservation (id bigint not null, confirmation_no varchar(255), customer_name varchar(255), seat_no varchar(255), ticket_type integer, primary key (id))
create table seats (id bigint not null, seat_no varchar(255), ticket_type integer, primary key (id))
INSERT INTO RESERVATION VALUES(1,'S1','Sam','a1',1)
INSERT INTO RESERVATION VALUES(2,'D1','Dan','b2',3)
INSERT INTO RESERVATION VALUES(3,'K1','Ken','c3',2)
ALTER SEQUENCE PUBLIC.HIBERNATE_SEQUENCE RESTART WITH 4
COMMIT
INSERT INTO SEATS VALUES(4,'a1',1)
INSERT INTO SEATS VALUES(5,'a2',1)
INSERT INTO SEATS VALUES(6,'a3',1)
INSERT INTO SEATS VALUES(7,'a4',1)
INSERT INTO SEATS VALUES(8,'a5',1)
INSERT INTO SEATS VALUES(9,'b1',2)
INSERT INTO SEATS VALUES(10,'b2',2)
INSERT INTO SEATS VALUES(11,'b3',2)
INSERT INTO SEATS VALUES(12,'b4',2)
INSERT INTO SEATS VALUES(13,'b5',2)
INSERT INTO SEATS VALUES(14,'c1',2)
INSERT INTO SEATS VALUES(15,'c2',2)
INSERT INTO SEATS VALUES(16,'c3',2)
INSERT INTO SEATS VALUES(17,'c4',2)
INSERT INTO SEATS VALUES(18,'b5',2)
ALTER SEQUENCE PUBLIC.HIBERNATE_SEQUENCE RESTART WITH 19
COMMIT
